
Error sending email to bpinkjr@emersonswan.com
Error sending email to olivia.glynn@yahoo.com
Error sending email to bobphenix@aol.com
Error sending email to marie.lamour@state.ma.us
Error sending email to rick_williams@dfci.harvard.edu
Error sending email to zsusice@gmail.com
Error sending email to gesteveg@hotmail.com
Error sending email to stefanokeel@comcast.net
Error sending email to stownsend@pcifund.com
Error sending email to mlevine@smma.com
Error sending email to jbour90674@aol.com
Error sending email to Lamsmile@msn.com
Error sending email to jonghan.kim7@gmail.com
Error sending email to jasonrobertwhiting@gmail.com
Error sending email to neil.bomberger@gmail.com
Error sending email to philip.platcow@aecom.com
Error sending email to dmpaddock@verizon.net
Error sending email to lynne1203@me.com
Error sending email to hhbadr77@yahoo.com
Error sending email to sivsmahanty@yahoo.com
Error sending email to etr26@yahoo.com
Error sending email to rupangi25@yahoo.com
Error sending email to jingmarie@verizon.net
Error sending email to charles.hughes1@verizon.net
Error sending email to susan.kelley@wyss.harvard.edu
Error sending email to amita.basra@gmail.com
Error sending email to khynes@bu.edu
Error sending email to hurleyfj@aol.com
Error sending email to dfmk123@yahoo.com
Error sending email to cliffogkaren@yahoo.com
Error sending email to owens.melissa@gmail.com
Error sending email to dkane@bu.edu
Error sending email to esiever@gmail.com
Error sending email to jannabruene@comcast.net
Error sending email to theperryberry@comcast.net
Error sending email to timothy_mitchison@hms.harvard.edu
Error sending email to deidbb@aol.com
Error sending email to goodekeenan@gmail.com
Error sending email to hd2reports@partners.org